2023-11-15 13:32:43 [@JUR18-MJ0GH4KR]
Interno #1: Ejecutar contract
2023-11-15 13:37:51 [2@JUR18-MJ0GH4KR]
Interno #1: Ejecutar infocom
2023-11-15 13:44:22 [2@JUR18-MJ0GH4KR]
Interno #1: Ejecutar mailgate
2023-11-15 13:49:28 [2@JUR18-MJ0GH4KR]
Interno #1: Ejecutar session
2023-11-15 13:55:01 [2@JUR18-MJ0GH4KR]
Interno #1: Ejecutar graph
2023-11-15 14:01:02 [2@JUR18-MJ0GH4KR]
Interno #1: Ejecutar reservation
2023-11-15 14:10:05 [2@JUR18-MJ0GH4KR]
Interno #1: Ejecutar closeticket
2023-11-15 14:15:27 [2@JUR18-MJ0GH4KR]
Interno #1: Ejecutar alertnotclosed
2023-11-15 14:20:54 [2@JUR18-MJ0GH4KR]
Interno #1: Ejecutar slaticket
2023-11-15 14:26:08 [2@JUR18-MJ0GH4KR]
Interno #1: Ejecutar createinquest
2023-11-15 14:32:23 [2@JUR18-MJ0GH4KR]
Interno #1: Ejecutar watcher
2023-11-15 15:01:51 [2@JUR18-MJ0GH4KR]
Interno #1: Ejecutar RecurrentItems
2023-11-15 15:07:05 [2@JUR18-MJ0GH4KR]
Interno #1: Ejecutar planningrecall
2023-11-15 15:13:56 [2@JUR18-MJ0GH4KR]
Interno #1: Ejecutar queuednotification
2023-11-15 15:25:19 [2@JUR18-MJ0GH4KR]
Interno #1: Ejecutar queuednotificationclean
2023-11-15 15:32:44 [2@JUR18-MJ0GH4KR]
Interno #1: Ejecutar temp
2023-11-15 16:37:53 [2@JUR18-MJ0GH4KR]
Interno #1: Ejecutar mailgateerror
2023-11-15 17:34:31 [2@JUR18-MJ0GH4KR]
Interno #1: Ejecutar certificate
2023-11-15 17:45:15 [2@JUR18-MJ0GH4KR]
Interno #1: Ejecutar olaticket
2023-11-15 17:56:56 [2@JUR18-MJ0GH4KR]
Interno #1: Ejecutar mailgate
2023-11-15 18:06:24 [2@JUR18-MJ0GH4KR]
Interno #1: Ejecutar slaticket
2023-11-15 18:14:53 [2@JUR18-MJ0GH4KR]
Interno #1: Ejecutar graph
2023-11-15 18:20:51 [2@JUR18-MJ0GH4KR]
Interno #1: Ejecutar reservation
2023-11-15 18:28:00 [2@JUR18-MJ0GH4KR]
Interno #1: Ejecutar planningrecall
2023-11-15 18:38:11 [2@JUR18-MJ0GH4KR]
Interno #1: Ejecutar queuednotification
2023-11-15 18:43:20 [2@JUR18-MJ0GH4KR]
Interno #1: Ejecutar mailgate
2023-11-15 18:43:22 [2@JUR18-MJ0GH4KR]
Interno #1: Ejecutar RecurrentItems
2023-11-15 18:45:00 [2@JUR18-MJ0GH4KR]
Interno #1: Ejecutar mailgate
2023-11-15 18:47:19 [2@JUR18-MJ0GH4KR]
Interno #1: Ejecutar mailgate
2023-11-15 18:48:24 [2@JUR18-MJ0GH4KR]
Interno #1: Ejecutar temp
2023-11-15 18:56:18 [2@JUR18-MJ0GH4KR]
Interno #1: Ejecutar olaticket
2023-11-15 19:01:33 [2@JUR18-MJ0GH4KR]
Interno #1: Ejecutar slaticket
2023-11-15 19:18:09 [2@JUR18-MJ0GH4KR]
Interno #1: Ejecutar planningrecall
2023-11-15 19:22:35 [2@JUR18-MJ0GH4KR]
Interno #1: Ejecutar mailgate
2023-11-15 19:23:27 [2@JUR18-MJ0GH4KR]
Interno #1: Ejecutar queuednotification
2023-11-15 20:28:51 [2@JUR18-MJ0GH4KR]
Interno #1: Ejecutar olaticket
2023-11-15 20:46:24 [2@JUR18-MJ0GH4KR]
Interno #1: Ejecutar slaticket
2023-11-15 20:51:24 [2@JUR18-MJ0GH4KR]
Interno #1: Ejecutar mailgate
2023-11-15 20:51:27 [2@JUR18-MJ0GH4KR]
Interno #1: Ejecutar graph
2023-11-15 20:51:36 [2@JUR18-MJ0GH4KR]
Interno #1: Ejecutar mailgate
2023-11-15 20:51:47 [2@JUR18-MJ0GH4KR]
Interno #1: Ejecutar mailgate
2023-11-15 20:52:57 [2@JUR18-MJ0GH4KR]
Interno #1: Ejecutar mailgate
2023-11-15 20:57:50 [2@JUR18-MJ0GH4KR]
Interno #1: Ejecutar reservation
2023-11-15 20:58:01 [2@JUR18-MJ0GH4KR]
Interno #1: Ejecutar mailgate
2023-11-15 21:09:37 [2@JUR18-MJ0GH4KR]
Interno #1: Ejecutar planningrecall
2023-11-15 21:19:56 [2@JUR18-MJ0GH4KR]
Interno #1: Ejecutar queuednotification
2023-11-15 21:20:37 [2@JUR18-MJ0GH4KR]
Interno #1: Ejecutar mailgate
2023-11-15 21:20:57 [2@JUR18-MJ0GH4KR]
Interno #1: Ejecutar mailgate
2023-11-15 21:31:34 [2@JUR18-MJ0GH4KR]
Interno #1: Ejecutar RecurrentItems
2023-11-15 21:37:14 [2@JUR18-MJ0GH4KR]
Interno #1: Ejecutar temp
2023-11-15 21:40:07 [2@JUR18-MJ0GH4KR]
Interno #1: Ejecutar mailgateerror
2023-11-15 21:42:39 [2@JUR18-MJ0GH4KR]
Interno #1: Ejecutar olaticket
2023-11-15 21:42:43 [2@JUR18-MJ0GH4KR]
Interno #1: Ejecutar mailgate
2023-11-15 21:42:50 [2@JUR18-MJ0GH4KR]
Interno #1: Ejecutar mailgate
2023-11-15 21:48:14 [2@JUR18-MJ0GH4KR]
Interno #1: Ejecutar slaticket
2023-11-15 21:52:53 [2@JUR18-MJ0GH4KR]
Interno #1: Ejecutar mailgate
2023-11-15 21:54:50 [2@JUR18-MJ0GH4KR]
Interno #1: Ejecutar planningrecall
2023-11-15 21:59:57 [2@JUR18-MJ0GH4KR]
Interno #1: Ejecutar queuednotification
2023-11-15 22:13:08 [2@JUR18-MJ0GH4KR]
Interno #1: Ejecutar olaticket
2023-11-15 22:28:22 [2@JUR18-MJ0GH4KR]
Interno #1: Ejecutar graph
2023-11-15 22:33:35 [2@JUR18-MJ0GH4KR]
Interno #1: Ejecutar slaticket
2023-11-15 22:38:39 [2@JUR18-MJ0GH4KR]
Interno #1: Ejecutar reservation
2023-11-15 22:44:11 [2@JUR18-MJ0GH4KR]
Interno #1: Ejecutar planningrecall
2023-11-15 22:44:56 [2@JUR18-MJ0GH4KR]
Interno #1: Ejecutar queuednotification
2023-11-15 22:47:20 [2@JUR18-MJ0GH4KR]
Interno #1: Ejecutar queuednotification
2023-11-15 22:47:43 [2@JUR18-MJ0GH4KR]
Interno #1: Ejecutar queuednotificationclean
2023-11-15 22:47:47 [2@JUR18-MJ0GH4KR]
Interno #1: Ejecutar queuednotificationclean
2023-11-15 22:50:45 [2@JUR18-MJ0GH4KR]
Interno #1: Ejecutar olaticket
2023-11-15 22:51:53 [2@JUR18-MJ0GH4KR]
Interno #1: Ejecutar queuednotification
2023-11-15 22:56:00 [2@JUR18-MJ0GH4KR]
Interno #1: Ejecutar RecurrentItems
2023-11-15 22:56:43 [2@JUR18-MJ0GH4KR]
Interno #1: Ejecutar queuednotification
2023-11-15 22:57:29 [@JUR18-MJ0GH4KR]
Interno #1: Ejecutar temp
2023-11-16 13:16:35 [76@JUR18-MJ0GH4KR]
Interno #1: Ejecutar slaticket
2023-11-16 13:18:06 [@JUR18-MJ0GH4KR]
Interno #1: Ejecutar planningrecall
2023-11-16 14:03:23 [@JUR18-MJ0GH4KR]
Interno #1: Ejecutar olaticket
2023-11-16 14:03:26 [@JUR18-MJ0GH4KR]
Interno #1: Ejecutar graph
2023-11-16 14:03:34 [@JUR18-MJ0GH4KR]
Interno #1: Ejecutar reservation
2023-11-16 14:05:53 [@JUR18-MJ0GH4KR]
Interno #1: Ejecutar RecurrentItems
2023-11-16 14:30:51 [@JUR18-MJ0GH4KR]
Interno #1: Ejecutar temp
2023-11-16 14:48:36 [@JUR18-MJ0GH4KR]
Interno #1: Ejecutar closeticket
2023-11-16 15:05:58 [@JUR18-MJ0GH4KR]
Interno #1: Ejecutar alertnotclosed
2023-11-16 15:06:00 [@JUR18-MJ0GH4KR]
Interno #1: Ejecutar slaticket
2023-11-16 15:08:44 [@JUR18-MJ0GH4KR]
Interno #1: Ejecutar planningrecall
2023-11-16 15:14:12 [@JUR18-MJ0GH4KR]
Interno #1: Ejecutar contract
2023-11-16 15:15:02 [@JUR18-MJ0GH4KR]
Interno #1: Ejecutar infocom
2023-11-16 15:15:12 [@JUR18-MJ0GH4KR]
Interno #1: Ejecutar session
2023-11-16 15:15:14 [@JUR18-MJ0GH4KR]
Interno #1: Ejecutar olaticket
2023-11-16 15:15:24 [@JUR18-MJ0GH4KR]
Interno #1: Ejecutar createinquest
2023-11-16 15:16:26 [@JUR18-MJ0GH4KR]
Interno #1: Ejecutar watcher
2023-11-16 15:16:30 [@JUR18-MJ0GH4KR]
Interno #1: Ejecutar graph
2023-11-16 15:24:53 [@JUR18-MJ0GH4KR]
Interno #1: Ejecutar reservation
2023-11-16 15:26:03 [@JUR18-MJ0GH4KR]
Interno #1: Ejecutar RecurrentItems
2023-11-16 15:26:10 [@JUR18-MJ0GH4KR]
Interno #1: Ejecutar slaticket
2023-11-16 15:28:14 [@JUR18-MJ0GH4KR]
Interno #1: Ejecutar planningrecall
2023-11-16 15:28:57 [@JUR18-MJ0GH4KR]
Interno #1: Ejecutar olaticket
2023-11-16 15:30:25 [@JUR18-MJ0GH4KR]
Interno #1: Ejecutar temp
2023-11-16 15:36:00 [@JUR18-MJ0GH4KR]
Interno #1: Ejecutar slaticket
2023-11-16 15:44:33 [@JUR18-MJ0GH4KR]
Interno #1: Ejecutar planningrecall
2023-11-16 15:44:56 [@JUR18-MJ0GH4KR]
Interno #1: Ejecutar olaticket
2023-11-16 15:45:14 [@JUR18-MJ0GH4KR]
Interno #1: Ejecutar slaticket
2023-11-16 15:45:49 [@JUR18-MJ0GH4KR]
Interno #1: Ejecutar CleanOldThreads
2023-11-16 15:48:16 [@JUR18-MJ0GH4KR]
Interno #1: Ejecutar ocsng
2023-11-16 15:49:07 [@JUR18-MJ0GH4KR]
Interno #1: Ejecutar planningrecall
2023-11-16 15:50:58 [@JUR18-MJ0GH4KR]
Interno #1: Ejecutar olaticket
2023-11-16 16:00:37 [2@JUR18-MJ0GH4KR]
Interno #1: Ejecutar slaticket
2023-11-16 16:08:24 [2@JUR18-MJ0GH4KR]
Interno #1: Ejecutar planningrecall
2023-11-16 16:30:27 [2@JUR18-MJ0GH4KR]
Interno #1: Ejecutar olaticket
2023-11-16 17:01:26 [2@JUR18-MJ0GH4KR]
Interno #1: Ejecutar slaticket
2023-11-16 17:15:55 [2@JUR18-MJ0GH4KR]
Interno #1: Ejecutar planningrecall
2023-11-16 17:21:17 [2@JUR18-MJ0GH4KR]
Interno #1: Ejecutar graph
2023-11-16 17:26:25 [2@JUR18-MJ0GH4KR]
Interno #1: Ejecutar reservation
2023-11-16 17:27:53 [@JUR18-MJ0GH4KR]
Interno #1: Ejecutar RecurrentItems
2023-11-16 17:34:06 [@JUR18-MJ0GH4KR]
Interno #1: Ejecutar temp
2023-11-16 17:34:26 [@JUR18-MJ0GH4KR]
Interno #1: Ejecutar olaticket
2023-11-16 17:36:09 [72@JUR18-MJ0GH4KR]
Interno #1: Ejecutar slaticket
2023-11-16 17:36:29 [@JUR18-MJ0GH4KR]
Interno #1: Ejecutar planningrecall
2023-11-16 17:40:48 [72@JUR18-MJ0GH4KR]
Interno #1: Ejecutar certificate
2023-11-16 17:46:05 [70@JUR18-MJ0GH4KR]
Interno #1: Ejecutar olaticket
2023-11-16 17:57:45 [70@JUR18-MJ0GH4KR]
Interno #1: Ejecutar slaticket
2023-11-16 17:58:10 [70@JUR18-MJ0GH4KR]
Interno #1: Ejecutar queuednotification
2023-11-16 19:28:13 [@JUR18-MJ0GH4KR]
Interno #1: Ejecutar planningrecall
2023-11-16 19:49:56 [70@JUR18-MJ0GH4KR]
Interno #1: Ejecutar olaticket
2023-11-16 19:55:00 [70@JUR18-MJ0GH4KR]
Interno #1: Ejecutar slaticket
2023-11-16 21:23:04 [70@JUR18-MJ0GH4KR]
Interno #1: Ejecutar graph
2023-11-16 21:42:01 [70@JUR18-MJ0GH4KR]
Interno #1: Ejecutar reservation
2023-11-16 21:51:18 [70@JUR18-MJ0GH4KR]
Interno #1: Ejecutar RecurrentItems
2023-11-16 22:00:39 [70@JUR18-MJ0GH4KR]
Interno #1: Ejecutar temp
2023-11-17 13:04:30 [70@JUR18-MJ0GH4KR]
Interno #1: Ejecutar planningrecall
2023-11-17 20:42:14 [70@JUR18-MJ0GH4KR]
Interno #1: Ejecutar olaticket
