2023-11-15 13:32:48 [@JUR18-MJ0GH4KR]
[login] 3: glpi inició la sesión desde la IP ::1
2023-11-15 15:17:31 [2@JUR18-MJ0GH4KR]
[setup] [Plugin 63] 3: Plugin Camera Input has been installed by glpi (2).
2023-11-15 15:18:16 [2@JUR18-MJ0GH4KR]
[setup] [Plugin 64] 3: Plugin Data structures has been installed by glpi (2).
2023-11-15 15:18:22 [2@JUR18-MJ0GH4KR]
[setup] [Plugin 65] 3: Plugin OCS Inventory NG has been installed by glpi (2).
2023-11-15 15:18:28 [2@JUR18-MJ0GH4KR]
[setup] [Plugin 66] 3: Plugin Impresión a pdf has been installed by glpi (2).
2023-11-15 15:26:21 [2@JUR18-MJ0GH4KR]
[setup] [Plugin 67] 3: Plugin GLPI Inventory has been installed by glpi (2).
2023-11-15 15:27:24 [2@JUR18-MJ0GH4KR]
[setup] [Plugin 68] 3: Plugin GLPI Inventory has been activated by glpi (2).
2023-11-15 16:38:21 [2@JUR18-MJ0GH4KR]
[setup] [Plugin 69] 3: Plugin OCS Inventory NG has been activated by glpi (2).
2023-11-15 22:57:46 [@JUR18-MJ0GH4KR]
[login] 3: jhon.padilla inició la sesión desde la IP ::1
2023-11-16 14:03:47 [@JUR18-MJ0GH4KR]
[login] 3: juan.hernandez inició la sesión desde la IP ::1
2023-11-16 15:52:55 [@JUR18-MJ0GH4KR]
[login] 3: juan.hernandez inició la sesión desde la IP ::1
2023-11-16 15:53:27 [70@JUR18-MJ0GH4KR]
[login] 3: GLPI inició la sesión desde la IP ::1
2023-11-16 17:28:04 [@JUR18-MJ0GH4KR]
[login] 3: juan.cortes inició la sesión desde la IP ::1
2023-11-16 17:34:23 [@JUR18-MJ0GH4KR]
[login] 3: Fallo en el inicio de sesión de juan.cortes desde la IP 192.168.1.163
2023-11-16 17:34:41 [@JUR18-MJ0GH4KR]
[login] 3: juan.cortes inició la sesión desde la IP 192.168.1.163
2023-11-16 17:36:36 [@JUR18-MJ0GH4KR]
[login] 3: juan.hernandez inició la sesión desde la IP ::1
2023-11-16 19:44:08 [@JUR18-MJ0GH4KR]
[login] 3: juan.hernandez inició la sesión desde la IP ::1
