2023-11-15 22:43:09 [2@JUR18-MJ0GH4KR]
Se ha añadido a la cola un correo para soportetic@gep.com.co: [GLPI #0000020] Nueva petición esto es una prueba
2023-11-15 22:43:09 [2@JUR18-MJ0GH4KR]
Se ha añadido a la cola un correo para auxiliarsistemas@gep.com.co: [GLPI #0000020] Nueva petición esto es una prueba
2023-11-15 22:44:26 [2@JUR18-MJ0GH4KR]
Se ha añadido a la cola un correo para soportetic@gep.com.co: [GLPI #0000021] Nueva petición ADMINISTRACIÓN
2023-11-15 22:44:58 [2@JUR18-MJ0GH4KR]
Se ha enviado un correo a soportetic@gep.com.co: [GLPI #0000020] Nueva petición esto es una prueba
2023-11-15 22:45:00 [2@JUR18-MJ0GH4KR]
Se ha enviado un correo a auxiliarsistemas@gep.com.co: [GLPI #0000020] Nueva petición esto es una prueba
2023-11-15 22:45:02 [2@JUR18-MJ0GH4KR]
Se ha enviado un correo a soportetic@gep.com.co: [GLPI #0000021] Nueva petición ADMINISTRACIÓN
2023-11-15 22:50:53 [2@JUR18-MJ0GH4KR]
Se ha añadido a la cola un correo para soportetic@gep.com.co: [GLPI #0000022] Nueva petición Prueba
2023-11-15 22:50:53 [2@JUR18-MJ0GH4KR]
Se ha añadido a la cola un correo para jhon.padilla@gep.com.co: [GLPI #0000022] Nueva petición Prueba
2023-11-15 22:51:26 [2@JUR18-MJ0GH4KR]
Se ha añadido a la cola un correo para soportetic@gep.com.co: [GLPI #0000022] Nuevo seguimiento Prueba
2023-11-15 22:51:26 [2@JUR18-MJ0GH4KR]
Se ha añadido a la cola un correo para jhon.padilla@gep.com.co: [GLPI #0000022] Nuevo seguimiento Prueba
2023-11-15 22:51:54 [2@JUR18-MJ0GH4KR]
Se ha enviado un correo a soportetic@gep.com.co: [GLPI #0000022] Nueva petición Prueba
2023-11-15 22:51:56 [2@JUR18-MJ0GH4KR]
Se ha enviado un correo a jhon.padilla@gep.com.co: [GLPI #0000022] Nueva petición Prueba
2023-11-15 22:51:58 [2@JUR18-MJ0GH4KR]
Se ha enviado un correo a soportetic@gep.com.co: [GLPI #0000022] Nuevo seguimiento Prueba
2023-11-15 22:51:59 [2@JUR18-MJ0GH4KR]
Se ha enviado un correo a jhon.padilla@gep.com.co: [GLPI #0000022] Nuevo seguimiento Prueba
2023-11-15 22:56:26 [2@JUR18-MJ0GH4KR]
Se ha añadido a la cola un correo para soportetic@gep.com.co: [GLPI #0000023] Nueva petición PRUEBA DE CORREO
2023-11-15 22:56:26 [2@JUR18-MJ0GH4KR]
Se ha añadido a la cola un correo para auxiliarsistemas@gep.com.co: [GLPI #0000023] Nueva petición PRUEBA DE CORREO
2023-11-15 22:56:45 [2@JUR18-MJ0GH4KR]
Se ha enviado un correo a soportetic@gep.com.co: [GLPI #0000023] Nueva petición PRUEBA DE CORREO
2023-11-15 22:56:46 [2@JUR18-MJ0GH4KR]
Se ha enviado un correo a auxiliarsistemas@gep.com.co: [GLPI #0000023] Nueva petición PRUEBA DE CORREO
2023-11-16 17:36:01 [72@JUR18-MJ0GH4KR]
Se ha añadido a la cola un correo para soportetic@gep.com.co: [GLPI #0000024] Nueva petición Falla de Red
2023-11-16 17:37:21 [70@JUR18-MJ0GH4KR]
Se ha añadido a la cola un correo para soportetic@gep.com.co: [GLPI #0000024] Nuevo seguimiento Falla de Red
2023-11-16 17:38:08 [70@JUR18-MJ0GH4KR]
Se ha añadido a la cola un correo para soportetic@gep.com.co: [GLPI #0000024] Nuevo seguimiento Falla de Red
2023-11-16 17:40:35 [70@JUR18-MJ0GH4KR]
Se ha añadido a la cola un correo para soportetic@gep.com.co: [GLPI #0000024] Petición resuelta Falla de Red
2023-11-16 17:40:56 [72@JUR18-MJ0GH4KR]
Se ha añadido a la cola un correo para soportetic@gep.com.co: [GLPI #0000024] Clausura de la petición Falla de Red
2023-11-16 17:40:56 [72@JUR18-MJ0GH4KR]
Se ha añadido a la cola un correo para soportetic@gep.com.co: [GLPI #0000024] Nuevo seguimiento Falla de Red
2023-11-16 17:58:12 [70@JUR18-MJ0GH4KR]
Se ha enviado un correo a soportetic@gep.com.co: [GLPI #0000024] Nueva petición Falla de Red
2023-11-16 17:58:14 [70@JUR18-MJ0GH4KR]
Se ha enviado un correo a soportetic@gep.com.co: [GLPI #0000024] Nuevo seguimiento Falla de Red
2023-11-16 17:58:16 [70@JUR18-MJ0GH4KR]
Se ha enviado un correo a soportetic@gep.com.co: [GLPI #0000024] Nuevo seguimiento Falla de Red
2023-11-16 17:58:17 [70@JUR18-MJ0GH4KR]
Se ha enviado un correo a soportetic@gep.com.co: [GLPI #0000024] Petición resuelta Falla de Red
2023-11-16 17:58:19 [70@JUR18-MJ0GH4KR]
Se ha enviado un correo a soportetic@gep.com.co: [GLPI #0000024] Clausura de la petición Falla de Red
2023-11-16 17:58:21 [70@JUR18-MJ0GH4KR]
Se ha enviado un correo a soportetic@gep.com.co: [GLPI #0000024] Nuevo seguimiento Falla de Red
